<?xml version="1.0" encoding="UTF-8"?>
<!-- Generated by org.testng.reporters.JUnitReportReporter -->
<testsuite hostname="LAP00207" failures="0" tests="1" name="com.playbook.testcases.Tc05" time="71.303" errors="0" timestamp="2024-03-01T17:58:25 IST" skipped="0">
  <testcase classname="com.playbook.testcases.Tc05" name="account" time="71.303"/>
  <system-out/>
</testsuite> <!-- com.playbook.testcases.Tc05 -->
