<?xml version="1.0" encoding="UTF-8"?>
<!-- Generated by org.testng.reporters.JUnitReportReporter -->
<testsuite hostname="LAP00207" failures="0" tests="1" name="com.playbook.testcases.Tc06" time="58.130" errors="0" timestamp="2024-03-01T17:50:10 IST" skipped="0">
  <testcase classname="com.playbook.testcases.Tc06" name="configuration" time="58.130"/>
  <system-out/>
</testsuite> <!-- com.playbook.testcases.Tc06 -->
