<?xml version="1.0" encoding="UTF-8"?>
<!-- Generated by org.testng.reporters.JUnitReportReporter -->
<testsuite hostname="LAP00207" failures="0" tests="1" name="com.playbook.testcases.Tc01" time="117.791" errors="0" timestamp="2024-02-20T15:01:07 IST" skipped="0">
  <testcase classname="com.playbook.testcases.Tc01" name="create" time="117.791"/>
  <system-out/>
</testsuite> <!-- com.playbook.testcases.Tc01 -->
