<?xml version="1.0" encoding="UTF-8"?>
<!-- Generated by org.testng.reporters.JUnitReportReporter -->
<testsuite hostname="LAP00207" failures="0" tests="1" name="com.playbook.testcases.Tc04" time="34.136" errors="0" timestamp="2024-02-27T17:37:17 IST" skipped="0">
  <testcase classname="com.playbook.testcases.Tc04" name="playbooklist" time="34.136"/>
  <system-out/>
</testsuite> <!-- com.playbook.testcases.Tc04 -->
