<?xml version="1.0" encoding="UTF-8"?>
<!-- Generated by org.testng.reporters.JUnitReportReporter -->
<testsuite hostname="LAP00207" failures="0" tests="1" name="com.framework.Api.APICalls" time="2.939" errors="0" timestamp="2024-02-21T16:09:03 IST" skipped="0">
  <testcase classname="com.framework.Api.APICalls" name="getPlaybookId" time="2.939"/>
  <system-out/>
</testsuite> <!-- com.framework.Api.APICalls -->
