<?xml version="1.0" encoding="UTF-8"?>
<!-- Generated by org.testng.reporters.JUnitReportReporter -->
<testsuite hostname="LAP00207" failures="0" tests="1" name="com.framework.Baseclass.BrowserSetup" time="10.309" errors="0" timestamp="2024-02-25T20:33:37 IST" skipped="0">
  <testcase classname="com.framework.Baseclass.BrowserSetup" name="beforeMethod" time="10.309"/>
  <system-out/>
</testsuite> <!-- com.framework.Baseclass.BrowserSetup -->
