<?xml version="1.0" encoding="UTF-8"?>
<!-- Generated by org.testng.reporters.JUnitReportReporter -->
<testsuite hostname="LAP00207" failures="0" tests="1" name="com.framework.Api.ApiTest" time="0.008" errors="0" timestamp="2024-02-21T15:12:35 IST" skipped="0">
  <testcase classname="com.framework.Api.ApiTest" name="getPlaybookId" time="0.008"/>
  <system-out/>
</testsuite> <!-- com.framework.Api.ApiTest -->
