<?xml version="1.0" encoding="UTF-8"?>
<!-- Generated by org.testng.reporters.JUnitReportReporter -->
<testsuite hostname="LAP00207" failures="0" tests="1" name="com.framework.Api.APICalls" time="3.434" errors="0" timestamp="2024-03-01T17:40:44 IST" skipped="0">
  <testcase classname="com.framework.Api.APICalls" name="practcice" time="3.434"/>
  <system-out/>
</testsuite> <!-- com.framework.Api.APICalls -->
