<?xml version="1.0" encoding="UTF-8"?>
<!-- Generated by org.testng.reporters.JUnitReportReporter -->
<testsuite hostname="LAP00207" failures="0" tests="1" name="com.framework.Utilies.Reports" time="0.027" errors="0" timestamp="2024-02-19T11:06:39 IST" skipped="0">
  <testcase classname="com.framework.Utilies.Reports" name="firstTestCase" time="0.027"/>
  <system-out/>
</testsuite> <!-- com.framework.Utilies.Reports -->
